Sun Nov 21 15:47:34 CET 2021 : Apache Derby Network Server - 10.15.2.0 - (1873585) started and ready to accept connections on port 1527
Sun Nov 21 15:49:14 CET 2021 Thread[DRDAConnThread_2,5,main] Cleanup action starting
java.sql.SQLException: Database 'db' not found.
	at org.apache.derby.impl.jdbc.SQLExceptionFactory.getSQLException(SQLExceptionFactory.java:115)
	at org.apache.derby.impl.jdbc.SQLExceptionFactory.getSQLException(SQLExceptionFactory.java:141)
	at org.apache.derby.impl.jdbc.Util.generateCsSQLException(Util.java:225)
	at org.apache.derby.impl.jdbc.Util.generateCsSQLException(Util.java:220)
	at org.apache.derby.impl.jdbc.EmbedConnection.newSQLException(EmbedConnection.java:3215)
	at org.apache.derby.impl.jdbc.EmbedConnection.handleDBNotFound(EmbedConnection.java:772)
	at org.apache.derby.impl.jdbc.EmbedConnection.<init>(EmbedConnection.java:442)
	at org.apache.derby.iapi.jdbc.InternalDriver$1.run(InternalDriver.java:660)
	at org.apache.derby.iapi.jdbc.InternalDriver$1.run(InternalDriver.java:656)
	at java.base/java.security.AccessController.doPrivileged(AccessController.java:554)
	at org.apache.derby.iapi.jdbc.InternalDriver.getNewEmbedConnection(InternalDriver.java:654)
	at org.apache.derby.iapi.jdbc.InternalDriver.connect(InternalDriver.java:300)
	at org.apache.derby.iapi.jdbc.InternalDriver.connect(InternalDriver.java:967)
	at org.apache.derby.jdbc.EmbeddedDriver.connect(EmbeddedDriver.java:125)
	at org.apache.derby.impl.drda.Database.makeConnection(Database.java:253)
	at org.apache.derby.impl.drda.DRDAConnThread.getConnFromDatabaseName(DRDAConnThread.java:1476)
	at org.apache.derby.impl.drda.DRDAConnThread.verifyUserIdPassword(DRDAConnThread.java:1426)
	at org.apache.derby.impl.drda.DRDAConnThread.parseSECCHK(DRDAConnThread.java:3380)
	at org.apache.derby.impl.drda.DRDAConnThread.parseDRDAConnection(DRDAConnThread.java:1210)
	at org.apache.derby.impl.drda.DRDAConnThread.processCommands(DRDAConnThread.java:1010)
	at org.apache.derby.impl.drda.DRDAConnThread.run(DRDAConnThread.java:300)
Caused by: ERROR XJ004: Database 'db' not found.
	at org.apache.derby.shared.common.error.StandardException.newException(StandardException.java:300)
	at org.apache.derby.impl.jdbc.SQLExceptionFactory.wrapArgsForTransportAcrossDRDA(SQLExceptionFactory.java:170)
	at org.apache.derby.impl.jdbc.SQLExceptionFactory.getSQLException(SQLExceptionFactory.java:75)
	... 20 more
============= begin nested exception, level (1) ===========
ERROR XJ004: Database 'db' not found.
	at org.apache.derby.shared.common.error.StandardException.newException(StandardException.java:300)
	at org.apache.derby.impl.jdbc.SQLExceptionFactory.wrapArgsForTransportAcrossDRDA(SQLExceptionFactory.java:170)
	at org.apache.derby.impl.jdbc.SQLExceptionFactory.getSQLException(SQLExceptionFactory.java:75)
	at org.apache.derby.impl.jdbc.SQLExceptionFactory.getSQLException(SQLExceptionFactory.java:141)
	at org.apache.derby.impl.jdbc.Util.generateCsSQLException(Util.java:225)
	at org.apache.derby.impl.jdbc.Util.generateCsSQLException(Util.java:220)
	at org.apache.derby.impl.jdbc.EmbedConnection.newSQLException(EmbedConnection.java:3215)
	at org.apache.derby.impl.jdbc.EmbedConnection.handleDBNotFound(EmbedConnection.java:772)
	at org.apache.derby.impl.jdbc.EmbedConnection.<init>(EmbedConnection.java:442)
	at org.apache.derby.iapi.jdbc.InternalDriver$1.run(InternalDriver.java:660)
	at org.apache.derby.iapi.jdbc.InternalDriver$1.run(InternalDriver.java:656)
	at java.base/java.security.AccessController.doPrivileged(AccessController.java:554)
	at org.apache.derby.iapi.jdbc.InternalDriver.getNewEmbedConnection(InternalDriver.java:654)
	at org.apache.derby.iapi.jdbc.InternalDriver.connect(InternalDriver.java:300)
	at org.apache.derby.iapi.jdbc.InternalDriver.connect(InternalDriver.java:967)
	at org.apache.derby.jdbc.EmbeddedDriver.connect(EmbeddedDriver.java:125)
	at org.apache.derby.impl.drda.Database.makeConnection(Database.java:253)
	at org.apache.derby.impl.drda.DRDAConnThread.getConnFromDatabaseName(DRDAConnThread.java:1476)
	at org.apache.derby.impl.drda.DRDAConnThread.verifyUserIdPassword(DRDAConnThread.java:1426)
	at org.apache.derby.impl.drda.DRDAConnThread.parseSECCHK(DRDAConnThread.java:3380)
	at org.apache.derby.impl.drda.DRDAConnThread.parseDRDAConnection(DRDAConnThread.java:1210)
	at org.apache.derby.impl.drda.DRDAConnThread.processCommands(DRDAConnThread.java:1010)
	at org.apache.derby.impl.drda.DRDAConnThread.run(DRDAConnThread.java:300)
============= end nested exception, level (1) ===========
Cleanup action completed
Sun Nov 21 15:49:14 CET 2021 Thread[DRDAConnThread_2,5,main] (DATABASE = db), (DRDAID = {1}), Database 'db' not found.
Sun Nov 21 15:49:23 CET 2021 Thread[DRDAConnThread_2,5,main] Cleanup action starting
java.sql.SQLException: Database 'db' not found.
	at org.apache.derby.impl.jdbc.SQLExceptionFactory.getSQLException(SQLExceptionFactory.java:115)
	at org.apache.derby.impl.jdbc.SQLExceptionFactory.getSQLException(SQLExceptionFactory.java:141)
	at org.apache.derby.impl.jdbc.Util.generateCsSQLException(Util.java:225)
	at org.apache.derby.impl.jdbc.Util.generateCsSQLException(Util.java:220)
	at org.apache.derby.impl.jdbc.EmbedConnection.newSQLException(EmbedConnection.java:3215)
	at org.apache.derby.impl.jdbc.EmbedConnection.handleDBNotFound(EmbedConnection.java:772)
	at org.apache.derby.impl.jdbc.EmbedConnection.<init>(EmbedConnection.java:442)
	at org.apache.derby.iapi.jdbc.InternalDriver$1.run(InternalDriver.java:660)
	at org.apache.derby.iapi.jdbc.InternalDriver$1.run(InternalDriver.java:656)
	at java.base/java.security.AccessController.doPrivileged(AccessController.java:554)
	at org.apache.derby.iapi.jdbc.InternalDriver.getNewEmbedConnection(InternalDriver.java:654)
	at org.apache.derby.iapi.jdbc.InternalDriver.connect(InternalDriver.java:300)
	at org.apache.derby.iapi.jdbc.InternalDriver.connect(InternalDriver.java:967)
	at org.apache.derby.jdbc.EmbeddedDriver.connect(EmbeddedDriver.java:125)
	at org.apache.derby.impl.drda.Database.makeConnection(Database.java:253)
	at org.apache.derby.impl.drda.DRDAConnThread.getConnFromDatabaseName(DRDAConnThread.java:1476)
	at org.apache.derby.impl.drda.DRDAConnThread.verifyUserIdPassword(DRDAConnThread.java:1426)
	at org.apache.derby.impl.drda.DRDAConnThread.parseSECCHK(DRDAConnThread.java:3380)
	at org.apache.derby.impl.drda.DRDAConnThread.parseDRDAConnection(DRDAConnThread.java:1210)
	at org.apache.derby.impl.drda.DRDAConnThread.processCommands(DRDAConnThread.java:1010)
	at org.apache.derby.impl.drda.DRDAConnThread.run(DRDAConnThread.java:300)
Caused by: ERROR XJ004: Database 'db' not found.
	at org.apache.derby.shared.common.error.StandardException.newException(StandardException.java:300)
	at org.apache.derby.impl.jdbc.SQLExceptionFactory.wrapArgsForTransportAcrossDRDA(SQLExceptionFactory.java:170)
	at org.apache.derby.impl.jdbc.SQLExceptionFactory.getSQLException(SQLExceptionFactory.java:75)
	... 20 more
============= begin nested exception, level (1) ===========
ERROR XJ004: Database 'db' not found.
	at org.apache.derby.shared.common.error.StandardException.newException(StandardException.java:300)
	at org.apache.derby.impl.jdbc.SQLExceptionFactory.wrapArgsForTransportAcrossDRDA(SQLExceptionFactory.java:170)
	at org.apache.derby.impl.jdbc.SQLExceptionFactory.getSQLException(SQLExceptionFactory.java:75)
	at org.apache.derby.impl.jdbc.SQLExceptionFactory.getSQLException(SQLExceptionFactory.java:141)
	at org.apache.derby.impl.jdbc.Util.generateCsSQLException(Util.java:225)
	at org.apache.derby.impl.jdbc.Util.generateCsSQLException(Util.java:220)
	at org.apache.derby.impl.jdbc.EmbedConnection.newSQLException(EmbedConnection.java:3215)
	at org.apache.derby.impl.jdbc.EmbedConnection.handleDBNotFound(EmbedConnection.java:772)
	at org.apache.derby.impl.jdbc.EmbedConnection.<init>(EmbedConnection.java:442)
	at org.apache.derby.iapi.jdbc.InternalDriver$1.run(InternalDriver.java:660)
	at org.apache.derby.iapi.jdbc.InternalDriver$1.run(InternalDriver.java:656)
	at java.base/java.security.AccessController.doPrivileged(AccessController.java:554)
	at org.apache.derby.iapi.jdbc.InternalDriver.getNewEmbedConnection(InternalDriver.java:654)
	at org.apache.derby.iapi.jdbc.InternalDriver.connect(InternalDriver.java:300)
	at org.apache.derby.iapi.jdbc.InternalDriver.connect(InternalDriver.java:967)
	at org.apache.derby.jdbc.EmbeddedDriver.connect(EmbeddedDriver.java:125)
	at org.apache.derby.impl.drda.Database.makeConnection(Database.java:253)
	at org.apache.derby.impl.drda.DRDAConnThread.getConnFromDatabaseName(DRDAConnThread.java:1476)
	at org.apache.derby.impl.drda.DRDAConnThread.verifyUserIdPassword(DRDAConnThread.java:1426)
	at org.apache.derby.impl.drda.DRDAConnThread.parseSECCHK(DRDAConnThread.java:3380)
	at org.apache.derby.impl.drda.DRDAConnThread.parseDRDAConnection(DRDAConnThread.java:1210)
	at org.apache.derby.impl.drda.DRDAConnThread.processCommands(DRDAConnThread.java:1010)
	at org.apache.derby.impl.drda.DRDAConnThread.run(DRDAConnThread.java:300)
============= end nested exception, level (1) ===========
Cleanup action completed
Sun Nov 21 15:49:23 CET 2021 Thread[DRDAConnThread_2,5,main] (DATABASE = db), (DRDAID = {2}), Database 'db' not found.
Sun Nov 21 15:49:37 CET 2021 Thread[DRDAConnThread_2,5,main] Cleanup action starting
java.sql.SQLException: Database 'C:/Users/Isabel/5AHITM/SEW/Uebung-Test/UebungTest_management/db' not found.
	at org.apache.derby.impl.jdbc.SQLExceptionFactory.getSQLException(SQLExceptionFactory.java:115)
	at org.apache.derby.impl.jdbc.SQLExceptionFactory.getSQLException(SQLExceptionFactory.java:141)
	at org.apache.derby.impl.jdbc.Util.generateCsSQLException(Util.java:225)
	at org.apache.derby.impl.jdbc.Util.generateCsSQLException(Util.java:220)
	at org.apache.derby.impl.jdbc.EmbedConnection.newSQLException(EmbedConnection.java:3215)
	at org.apache.derby.impl.jdbc.EmbedConnection.handleDBNotFound(EmbedConnection.java:772)
	at org.apache.derby.impl.jdbc.EmbedConnection.<init>(EmbedConnection.java:442)
	at org.apache.derby.iapi.jdbc.InternalDriver$1.run(InternalDriver.java:660)
	at org.apache.derby.iapi.jdbc.InternalDriver$1.run(InternalDriver.java:656)
	at java.base/java.security.AccessController.doPrivileged(AccessController.java:554)
	at org.apache.derby.iapi.jdbc.InternalDriver.getNewEmbedConnection(InternalDriver.java:654)
	at org.apache.derby.iapi.jdbc.InternalDriver.connect(InternalDriver.java:300)
	at org.apache.derby.iapi.jdbc.InternalDriver.connect(InternalDriver.java:967)
	at org.apache.derby.jdbc.EmbeddedDriver.connect(EmbeddedDriver.java:125)
	at org.apache.derby.impl.drda.Database.makeConnection(Database.java:253)
	at org.apache.derby.impl.drda.DRDAConnThread.getConnFromDatabaseName(DRDAConnThread.java:1476)
	at org.apache.derby.impl.drda.DRDAConnThread.verifyUserIdPassword(DRDAConnThread.java:1426)
	at org.apache.derby.impl.drda.DRDAConnThread.parseSECCHK(DRDAConnThread.java:3380)
	at org.apache.derby.impl.drda.DRDAConnThread.parseDRDAConnection(DRDAConnThread.java:1210)
	at org.apache.derby.impl.drda.DRDAConnThread.processCommands(DRDAConnThread.java:1010)
	at org.apache.derby.impl.drda.DRDAConnThread.run(DRDAConnThread.java:300)
Caused by: ERROR XJ004: Database 'C:/Users/Isabel/5AHITM/SEW/Uebung-Test/UebungTest_management/db' not found.
	at org.apache.derby.shared.common.error.StandardException.newException(StandardException.java:300)
	at org.apache.derby.impl.jdbc.SQLExceptionFactory.wrapArgsForTransportAcrossDRDA(SQLExceptionFactory.java:170)
	at org.apache.derby.impl.jdbc.SQLExceptionFactory.getSQLException(SQLExceptionFactory.java:75)
	... 20 more
============= begin nested exception, level (1) ===========
ERROR XJ004: Database 'C:/Users/Isabel/5AHITM/SEW/Uebung-Test/UebungTest_management/db' not found.
	at org.apache.derby.shared.common.error.StandardException.newException(StandardException.java:300)
	at org.apache.derby.impl.jdbc.SQLExceptionFactory.wrapArgsForTransportAcrossDRDA(SQLExceptionFactory.java:170)
	at org.apache.derby.impl.jdbc.SQLExceptionFactory.getSQLException(SQLExceptionFactory.java:75)
	at org.apache.derby.impl.jdbc.SQLExceptionFactory.getSQLException(SQLExceptionFactory.java:141)
	at org.apache.derby.impl.jdbc.Util.generateCsSQLException(Util.java:225)
	at org.apache.derby.impl.jdbc.Util.generateCsSQLException(Util.java:220)
	at org.apache.derby.impl.jdbc.EmbedConnection.newSQLException(EmbedConnection.java:3215)
	at org.apache.derby.impl.jdbc.EmbedConnection.handleDBNotFound(EmbedConnection.java:772)
	at org.apache.derby.impl.jdbc.EmbedConnection.<init>(EmbedConnection.java:442)
	at org.apache.derby.iapi.jdbc.InternalDriver$1.run(InternalDriver.java:660)
	at org.apache.derby.iapi.jdbc.InternalDriver$1.run(InternalDriver.java:656)
	at java.base/java.security.AccessController.doPrivileged(AccessController.java:554)
	at org.apache.derby.iapi.jdbc.InternalDriver.getNewEmbedConnection(InternalDriver.java:654)
	at org.apache.derby.iapi.jdbc.InternalDriver.connect(InternalDriver.java:300)
	at org.apache.derby.iapi.jdbc.InternalDriver.connect(InternalDriver.java:967)
	at org.apache.derby.jdbc.EmbeddedDriver.connect(EmbeddedDriver.java:125)
	at org.apache.derby.impl.drda.Database.makeConnection(Database.java:253)
	at org.apache.derby.impl.drda.DRDAConnThread.getConnFromDatabaseName(DRDAConnThread.java:1476)
	at org.apache.derby.impl.drda.DRDAConnThread.verifyUserIdPassword(DRDAConnThread.java:1426)
	at org.apache.derby.impl.drda.DRDAConnThread.parseSECCHK(DRDAConnThread.java:3380)
	at org.apache.derby.impl.drda.DRDAConnThread.parseDRDAConnection(DRDAConnThread.java:1210)
	at org.apache.derby.impl.drda.DRDAConnThread.processCommands(DRDAConnThread.java:1010)
	at org.apache.derby.impl.drda.DRDAConnThread.run(DRDAConnThread.java:300)
============= end nested exception, level (1) ===========
Cleanup action completed
Sun Nov 21 15:49:37 CET 2021 Thread[DRDAConnThread_2,5,main] (DATABASE = C:/Users/Isabel/5AHITM/SEW/Uebung-Test/UebungTest_management/db), (DRDAID = {3}), Database 'C:/Users/Isabel/5AHITM/SEW/Uebung-Test/UebungTest_management/db' not found.
